6 Aug 02:22:25 - [33m[nodemon] v1.4.0[39m
6 Aug 02:22:25 - [33m[nodemon] to restart at any time, enter `rs`[39m
6 Aug 02:22:25 - [33m[nodemon] watching: *.*[39m
6 Aug 02:22:25 - [32m[nodemon] starting `node server.js`[39m
exception in nodemon killing node
Error: EBADF, read
    at Error (native)

----------------------------------------------------------
If appropriate, please file an error with the output from:
$ node /usr/local/bin/nodemon server.js --dump
At http://github.com/remy/nodemon/issues/new
----------------------------------------------------------

Magic happens on port 8082
Something is happening.
Something is happening.
Something is happening.
Something is happening.
Something is happening.
Something is happening.
10.134.14.133
Something is happening.
Something is happening.
Something is happening.
10.134.14.133
Something is happening.
Something is happening.
Something is happening.
10.134.14.133
Something is happening.
Something is happening.
Something is happening.
10.134.14.133
Something is happening.
Something is happening.
10.134.14.133
Something is happening.
Something is happening.
10.134.14.133
Something is happening.
Something is happening.
Something is happening.
10.134.14.133
Something is happening.
Something is happening.
10.134.14.133
Something is happening.
Something is happening.
10.134.14.133
Something is happening.
Something is happening.
Something is happening.
Something is happening.
Something is happening.
Something is happening.
Something is happening.
Something is happening.
Something is happening.
Something is happening.
Something is happening.
Something is happening.
Something is happening.
10.134.16.69
Something is happening.
Something is happening.
Something is happening.
10.134.16.69
Something is happening.
Something is happening.
10.134.16.69
Something is happening.
Something is happening.
10.134.16.69
Something is happening.
Something is happening.
Something is happening.
Something is happening.
Something is happening.
Something is happening.
Something is happening.
Something is happening.
Something is happening.
Something is happening.
Something is happening.
Something is happening.
Something is happening.
Something is happening.
Something is happening.
Something is happening.
Something is happening.
Something is happening.
Something is happening.
Something is happening.
Something is happening.
Something is happening.
Something is happening.
Something is happening.
Something is happening.
Something is happening.
Something is happening.
Something is happening.
Something is happening.
Something is happening.
Something is happening.
Something is happening.
Something is happening.
Something is happening.
Something is happening.
Something is happening.
Something is happening.
Something is happening.
Something is happening.
Something is happening.
10.132.78.239
Something is happening.
Something is happening.
Something is happening.
10.132.73.95
Something is happening.
Something is happening.
10.132.73.95
Magic happens on port 8082
Something is happening.
Something is happening.
10.132.73.95
Something is happening.
Something is happening.
Something is happening.
10.132.73.95
Something is happening.
Something is happening.
10.132.73.95
Something is happening.
Something is happening.
10.132.73.95
Something is happening.
Something is happening.
Something is happening.
10.132.73.95
Something is happening.
Something is happening.
Something is happening.
10.132.73.95
Something is happening.
Something is happening.
10.132.73.95
Something is happening.
Something is happening.
Something is happening.
10.132.73.95
Something is happening.
Something is happening.
Something is happening.
10.132.73.95
Something is happening.
Something is happening.
Something is happening.
Something is happening.
Something is happening.
Something is happening.
Something is happening.
10.132.73.95
Something is happening.
Something is happening.
10.132.73.95
Something is happening.
Something is happening.
10.132.73.95
Something is happening.
Something is happening.
10.132.73.95
Something is happening.
Something is happening.
10.132.73.95
Something is happening.
Something is happening.
10.132.73.95
Something is happening.
Something is happening.
10.132.73.95
Something is happening.
Something is happening.
Something is happening.
10.132.73.95
Something is happening.
Something is happening.
Something is happening.
10.132.73.95
Something is happening.
Something is happening.
Something is happening.
Something is happening.
Something is happening.
Something is happening.
Something is happening.
Something is happening.
Something is happening.
Something is happening.
Something is happening.
Something is happening.
Something is happening.
Something is happening.
Something is happening.
Something is happening.
Something is happening.
Something is happening.
Something is happening.
Something is happening.
Something is happening.
10.132.73.95
Something is happening.
Something is happening.
Something is happening.
10.132.73.95
Something is happening.
Something is happening.
10.132.73.95
Something is happening.
Something is happening.
Something is happening.
10.132.73.95
Something is happening.
Something is happening.
Something is happening.
10.132.73.95
Something is happening.
Something is happening.
Something is happening.
10.132.73.95
Something is happening.
Something is happening.
Something is happening.
Something is happening.
10.134.14.133
Something is happening.
Something is happening.
Something is happening.
Something is happening.
Something is happening.
Something is happening.
Something is happening.
Something is happening.
Something is happening.
Something is happening.
Something is happening.
Something is happening.
10.134.14.133
{ [Error: ElasticsearchIllegalArgumentException[failed to execute script]; nested: GroovyScriptExecutionException[NullPointerException[Cannot execute null+null]]; ]
  status: '400',
  message: 'ElasticsearchIllegalArgumentException[failed to execute script]; nested: GroovyScriptExecutionException[NullPointerException[Cannot execute null+null]]; ' }
Something is happening.
Something is happening.
Something is happening.
Something is happening.
Something is happening.
Something is happening.
Something is happening.
Something is happening.
Something is happening.
Something is happening.
Something is happening.
Something is happening.
10.134.14.133
Something is happening.
Something is happening.
Something is happening.
Something is happening.
Something is happening.
Something is happening.
Something is happening.
Something is happening.
Something is happening.
Something is happening.
Something is happening.
Something is happening.
Something is happening.
Something is happening.
Something is happening.
Something is happening.
Something is happening.
Something is happening.
Something is happening.
Something is happening.
Something is happening.
Something is happening.
Something is happening.
Something is happening.
Something is happening.
Something is happening.
Something is happening.
Something is happening.
Something is happening.
Something is happening.
Something is happening.
Something is happening.
Something is happening.
10.134.14.133
Something is happening.
Something is happening.
10.134.14.133
Something is happening.
Something is happening.
Something is happening.
Something is happening.
Something is happening.
10.134.14.133
Something is happening.
id AU8XTDq9R7jCMHIfeBa1
undefined
Something is happening.
Something is happening.
Something is happening.
10.134.14.133
Something is happening.
Something is happening.
10.134.14.133
Something is happening.
Something is happening.
Something is happening.
Something is happening.
Something is happening.
10.134.14.133
Something is happening.
Something is happening.
Something is happening.
10.134.14.133
Something is happening.
Something is happening.
Something is happening.
10.134.14.133
Something is happening.
Something is happening.
Something is happening.
10.134.14.133
Something is happening.
Something is happening.
10.134.14.133
Something is happening.
Something is happening.
10.134.14.133
Something is happening.
Something is happening.
10.134.14.133
Something is happening.
Something is happening.
Something is happening.
10.134.14.133
Something is happening.
Something is happening.
10.134.14.133
Something is happening.
id AU8XTk6pR7jCMHIfeBa6
undefined
Something is happening.
Something is happening.
10.134.14.133
Something is happening.
Something is happening.
Something is happening.
10.134.14.133
Something is happening.
Something is happening.
10.134.14.133
Something is happening.
Something is happening.
Something is happening.
10.134.14.133
Something is happening.
Something is happening.
Something is happening.
10.134.14.133
Something is happening.
Something is happening.
10.134.14.133
Something is happening.
Something is happening.
10.134.14.133
Something is happening.
Something is happening.
Something is happening.
10.134.14.133
Something is happening.
Something is happening.
Something is happening.
10.134.14.133
Something is happening.
Something is happening.
10.134.14.133
Something is happening.
Something is happening.
Something is happening.
10.134.14.133
Something is happening.
Something is happening.
Something is happening.
10.134.14.133
Something is happening.
Something is happening.
10.134.14.133
Something is happening.
id AU8XUFxhR7jCMHIfeBa_
undefined
Something is happening.
Reached backend with data  http://caenergy.ca.com CA Energy
id AU8XUFxhR7jCMHIfeBa_
Something is happening.
Something is happening.
10.134.14.133
Something is happening.
Something is happening.
10.134.14.133
Something is happening.
Something is happening.
Something is happening.
10.134.14.133
Something is happening.
Something is happening.
Something is happening.
10.134.14.133
Something is happening.
Something is happening.
10.134.14.133
Something is happening.
id AU8XUTXYR7jCMHIfeBbB
undefined
Something is happening.
Something is happening.
Something is happening.
10.134.14.133
Something is happening.
Something is happening.
Something is happening.
10.134.14.133
Something is happening.
Something is happening.
Something is happening.
10.134.14.133
Something is happening.
Something is happening.
10.134.14.133
Something is happening.
id AU8XUfJ_R7jCMHIfeBbE
undefined
Something is happening.
Something is happening.
Something is happening.
10.134.14.133
Something is happening.
Something is happening.
10.134.14.133
Something is happening.
Something is happening.
Something is happening.
10.134.14.133
Something is happening.
Something is happening.
10.134.14.133
Something is happening.
Something is happening.
Something is happening.
10.134.14.133
Something is happening.
Something is happening.
10.134.14.133
Something is happening.
Something is happening.
Something is happening.
10.134.14.133
Something is happening.
Something is happening.
Something is happening.
10.134.14.133
Something is happening.
Something is happening.
10.134.14.133
Something is happening.
id AU8XU9-uR7jCMHIfeBbH
undefined
Something is happening.
Something is happening.
10.134.14.133
Something is happening.
Something is happening.
10.134.14.133
Something is happening.
Reached backend with data  http://casustain.ca.com CA Sustain
id AU8XU9-uR7jCMHIfeBbH
Something is happening.
Something is happening.
10.134.14.133
Something is happening.
Something is happening.
Something is happening.
Something is happening.
Something is happening.
10.134.14.133
Something is happening.
id AU8XVNhOR7jCMHIfeBbI
undefined
Something is happening.
Something is happening.
Something is happening.
10.134.14.133
Something is happening.
Something is happening.
Something is happening.
10.134.14.133
Something is happening.
Something is happening.
Something is happening.
10.134.14.133
Something is happening.
Something is happening.
10.134.14.133
Something is happening.
Something is happening.
Something is happening.
Something is happening.
Something is happening.
10.134.14.133
Something is happening.
Something is happening.
Something is happening.
Something is happening.
Something is happening.
Something is happening.
Something is happening.
Something is happening.
Something is happening.
Something is happening.
Something is happening.
Something is happening.
Something is happening.
Something is happening.
10.132.78.245
Something is happening.
Something is happening.
10.132.78.245
{ [Error: ElasticsearchIllegalArgumentException[failed to execute script]; nested: GroovyScriptExecutionException[NullPointerException[Cannot execute null+null]]; ]
  status: '400',
  message: 'ElasticsearchIllegalArgumentException[failed to execute script]; nested: GroovyScriptExecutionException[NullPointerException[Cannot execute null+null]]; ' }
Something is happening.
Something is happening.
10.132.78.245
{ [Error: ElasticsearchIllegalArgumentException[failed to execute script]; nested: GroovyScriptExecutionException[NullPointerException[Cannot execute null+null]]; ]
  status: '400',
  message: 'ElasticsearchIllegalArgumentException[failed to execute script]; nested: GroovyScriptExecutionException[NullPointerException[Cannot execute null+null]]; ' }
Something is happening.
Something is happening.
10.132.78.245
{ [Error: ElasticsearchIllegalArgumentException[failed to execute script]; nested: GroovyScriptExecutionException[NullPointerException[Cannot execute null+null]]; ]
  status: '400',
  message: 'ElasticsearchIllegalArgumentException[failed to execute script]; nested: GroovyScriptExecutionException[NullPointerException[Cannot execute null+null]]; ' }
Something is happening.
Something is happening.
10.132.78.245
Something is happening.
Something is happening.
10.132.78.245
Something is happening.
Something is happening.
10.132.78.245
Something is happening.
Something is happening.
10.132.78.245
Something is happening.
Something is happening.
Something is happening.
Something is happening.
Something is happening.
Something is happening.
10.132.78.245
Something is happening.
id AU8XU69OR7jCMHIfeBbG
undefined
Something is happening.
Something is happening.
Something is happening.
10.132.78.245
Something is happening.
id AU8XS9RYR7jCMHIfeBa0
undefined
Something is happening.
Something is happening.
Something is happening.
10.132.78.245
Something is happening.
Something is happening.
Something is happening.
10.132.78.245
Something is happening.
Something is happening.
Something is happening.
Something is happening.
Something is happening.
Something is happening.
Something is happening.
Something is happening.
Something is happening.
Something is happening.
Something is happening.
Something is happening.
Something is happening.
Something is happening.
Something is happening.
Something is happening.
Something is happening.
Something is happening.
Something is happening.
Something is happening.
Something is happening.
Something is happening.
10.132.74.109
Something is happening.
Something is happening.
Something is happening.
10.132.74.109
Something is happening.
Something is happening.
Something is happening.
10.132.74.109
Something is happening.
Something is happening.
Something is happening.
10.132.74.109
Something is happening.
Something is happening.
10.132.74.109
Something is happening.
Something is happening.
10.132.74.109
Something is happening.
Something is happening.
Something is happening.
Something is happening.
Something is happening.
Something is happening.
Something is happening.
Something is happening.
Something is happening.
Something is happening.
Something is happening.
Something is happening.
Something is happening.
Something is happening.
Something is happening.
Something is happening.
Something is happening.
Something is happening.
Something is happening.
Something is happening.
Something is happening.
Something is happening.
Something is happening.
Something is happening.
Something is happening.
Something is happening.
Something is happening.
Something is happening.
Something is happening.
Something is happening.
Something is happening.
Something is happening.
Something is happening.
Something is happening.
Something is happening.
Something is happening.
Something is happening.
Something is happening.
Something is happening.
10.132.74.109
Something is happening.
Reached backend with data  http://itc.ca.com/departments/gas/OnlineVehicle/Vehicle.asp CA Parking Sticker ITC
id 55499f81b623850c18000010
Something is happening.
Something is happening.
10.132.74.109
Something is happening.
Something is happening.
Something is happening.
10.132.74.109
Something is happening.
Something is happening.
10.132.74.109
Something is happening.
Something is happening.
10.132.74.109
Something is happening.
Something is happening.
Something is happening.
Something is happening.
10.132.74.109
Something is happening.
Something is happening.
10.132.74.109
Something is happening.
Something is happening.
Something is happening.
Something is happening.
10.132.74.109
Something is happening.
Something is happening.
Something is happening.
10.132.74.109
Something is happening.
Something is happening.
Something is happening.
10.132.74.109
Something is happening.
Something is happening.
Something is happening.
10.132.74.109
Something is happening.
Something is happening.
10.132.74.109
Something is happening.
Something is happening.
Something is happening.
Something is happening.
10.132.74.109
Something is happening.
Something is happening.
Something is happening.
Something is happening.
Something is happening.
Something is happening.
Something is happening.
Something is happening.
Something is happening.
10.132.74.109
Something is happening.
Something is happening.
10.132.74.109
Something is happening.
Something is happening.
10.132.74.109
Something is happening.
Something is happening.
Something is happening.
10.132.74.109
Something is happening.
Something is happening.
Something is happening.
10.132.74.109
Something is happening.
Something is happening.
Something is happening.
10.132.74.109
Something is happening.
Something is happening.
Something is happening.
10.132.74.109
Something is happening.
id 55a629df62cb2eac210000ae
undefined
Something is happening.
Something is happening.
Something is happening.
10.132.74.109
Something is happening.
Something is happening.
10.132.74.109
Something is happening.
Something is happening.
Something is happening.
10.132.74.109
Something is happening.
Something is happening.
Something is happening.
10.132.74.109
Something is happening.
Something is happening.
Something is happening.
10.132.74.109
Something is happening.
Something is happening.
Something is happening.
10.132.74.109
Something is happening.
Something is happening.
Something is happening.
10.132.74.109
Something is happening.
id 55a6299462cb2eac210000a7
{ [Error: ElasticsearchIllegalArgumentException[failed to execute script]; nested: GroovyScriptExecutionException[NullPointerException[Cannot execute null+null]]; ]
  status: '400',
  message: 'ElasticsearchIllegalArgumentException[failed to execute script]; nested: GroovyScriptExecutionException[NullPointerException[Cannot execute null+null]]; ' }
{ [Error: ElasticsearchIllegalArgumentException[failed to execute script]; nested: GroovyScriptExecutionException[NullPointerException[Cannot execute null+null]]; ]
  status: '400',
  message: 'ElasticsearchIllegalArgumentException[failed to execute script]; nested: GroovyScriptExecutionException[NullPointerException[Cannot execute null+null]]; ' }
Something is happening.
Something is happening.
Something is happening.
10.132.74.109
Something is happening.
Something is happening.
Something is happening.
10.132.74.109
Something is happening.
Something is happening.
Something is happening.
10.132.74.109
Something is happening.
Something is happening.
Something is happening.
10.132.74.109
Something is happening.
Something is happening.
Something is happening.
10.132.74.109
Something is happening.
Something is happening.
Something is happening.
10.132.74.109
Something is happening.
10.132.74.109
Something is happening.
Something is happening.
Something is happening.
10.132.74.109
Something is happening.
Something is happening.
Something is happening.
10.132.74.109
Something is happening.
Something is happening.
Something is happening.
10.132.74.109
Something is happening.
Something is happening.
Something is happening.
10.132.74.109
Something is happening.
Something is happening.
Something is happening.
Something is happening.
Something is happening.
Something is happening.
Something is happening.
Something is happening.
Something is happening.
Something is happening.
Something is happening.
Something is happening.
Something is happening.
Something is happening.
Something is happening.
Something is happening.
Something is happening.
Something is happening.
Something is happening.
Something is happening.
10.132.74.109
Something is happening.
Something is happening.
Something is happening.
Something is happening.
Something is happening.
Something is happening.
Something is happening.
Something is happening.
Something is happening.
Something is happening.
Something is happening.
Something is happening.
Something is happening.
Something is happening.
10.134.14.133
Something is happening.
Something is happening.
Something is happening.
Something is happening.
Something is happening.
Something is happening.
Something is happening.
Something is happening.
Something is happening.
Something is happening.
Something is happening.
Something is happening.
Something is happening.
Something is happening.
Something is happening.
Something is happening.
Something is happening.
Something is happening.
Something is happening.
Something is happening.
Something is happening.
Something is happening.
Something is happening.
Something is happening.
Something is happening.
Something is happening.
Something is happening.
Something is happening.
Something is happening.
Something is happening.
Something is happening.
Something is happening.
Something is happening.
Something is happening.
Something is happening.
Something is happening.
Something is happening.
Something is happening.
Something is happening.
Something is happening.
Something is happening.
Something is happening.
Something is happening.
Something is happening.
Something is happening.
Something is happening.
Something is happening.
Something is happening.
Something is happening.
10.134.14.133
Something is happening.
Something is happening.
Something is happening.
Something is happening.
Something is happening.
Something is happening.
Something is happening.
Something is happening.
Something is happening.
Something is happening.
Something is happening.
Something is happening.
Something is happening.
Something is happening.
Something is happening.
Something is happening.
10.134.14.133
Something is happening.
Something is happening.
Something is happening.
Something is happening.
10.134.14.133
Something is happening.
Something is happening.
Something is happening.
Something is happening.
Something is happening.
Something is happening.
Something is happening.
Something is happening.
Something is happening.
Something is happening.
Something is happening.
Something is happening.
Something is happening.
Something is happening.
Something is happening.
Something is happening.
Something is happening.
Something is happening.
Something is happening.
Something is happening.
Something is happening.
Something is happening.
Something is happening.
Something is happening.
Something is happening.
Something is happening.
Something is happening.
Something is happening.
Something is happening.
Something is happening.
Something is happening.
10.134.14.133
Something is happening.
Something is happening.
Something is happening.
10.134.14.133
11 Aug 07:24:36 - [33m[nodemon] v1.4.0[39m
11 Aug 07:24:36 - [33m[nodemon] to restart at any time, enter `rs`[39m
11 Aug 07:24:36 - [33m[nodemon] watching: *.*[39m
11 Aug 07:24:36 - [32m[nodemon] starting `node server.js`[39m
exception in nodemon killing node
Error: EBADF, read
    at Error (native)

----------------------------------------------------------
If appropriate, please file an error with the output from:
$ node /usr/local/bin/nodemon server.js --dump
At http://github.com/remy/nodemon/issues/new
----------------------------------------------------------

Magic happens on port 8082
Something is happening.
Something is happening.
Something is happening.
Something is happening.
Something is happening.
Something is happening.
Something is happening.
Something is happening.
Something is happening.
Something is happening.
Something is happening.
Something is happening.
10.134.14.133
Something is happening.
Something is happening.
Something is happening.
Something is happening.
Something is happening.
Something is happening.
Something is happening.
Something is happening.
Something is happening.
Something is happening.
Something is happening.
Something is happening.
10.134.14.133
Something is happening.
id 554af3ff3dc758341300001b
undefined
Something is happening.
Something is happening.
Something is happening.
Something is happening.
Something is happening.
Something is happening.
Something is happening.
Something is happening.
Something is happening.
Something is happening.
Something is happening.
Something is happening.
Something is happening.
Something is happening.
Something is happening.
Something is happening.
Something is happening.
Something is happening.
Something is happening.
Something is happening.
Something is happening.
Something is happening.
Something is happening.
Something is happening.
Something is happening.
Something is happening.
Something is happening.
Something is happening.
Something is happening.
Something is happening.
10.134.14.133
Something is happening.
Something is happening.
Something is happening.
10.134.14.133
Something is happening.
Reached backend with data  http://rewards.ca.com CA Rewards , Award
id 55a6284a62cb2eac2100008a
Something is happening.
Something is happening.
10.134.14.133
Something is happening.
id 55a6284a62cb2eac2100008a
{ [Error: ElasticsearchIllegalArgumentException[failed to execute script]; nested: GroovyScriptExecutionException[NullPointerException[Cannot execute null+null]]; ]
  status: '400',
  message: 'ElasticsearchIllegalArgumentException[failed to execute script]; nested: GroovyScriptExecutionException[NullPointerException[Cannot execute null+null]]; ' }
{ [Error: ElasticsearchIllegalArgumentException[failed to execute script]; nested: GroovyScriptExecutionException[NullPointerException[Cannot execute null+null]]; ]
  status: '400',
  message: 'ElasticsearchIllegalArgumentException[failed to execute script]; nested: GroovyScriptExecutionException[NullPointerException[Cannot execute null+null]]; ' }
Something is happening.
Reached backend with data  http://rewards.ca.com CA Rewards , Award ,ecards, Recognition
id 55a6284a62cb2eac2100008a
Something is happening.
Something is happening.
10.134.14.133
Something is happening.
id 55a6284a62cb2eac2100008a
{ [Error: ElasticsearchIllegalArgumentException[failed to execute script]; nested: GroovyScriptExecutionException[NullPointerException[Cannot execute null+null]]; ]
  status: '400',
  message: 'ElasticsearchIllegalArgumentException[failed to execute script]; nested: GroovyScriptExecutionException[NullPointerException[Cannot execute null+null]]; ' }
{ [Error: ElasticsearchIllegalArgumentException[failed to execute script]; nested: GroovyScriptExecutionException[NullPointerException[Cannot execute null+null]]; ]
  status: '400',
  message: 'ElasticsearchIllegalArgumentException[failed to execute script]; nested: GroovyScriptExecutionException[NullPointerException[Cannot execute null+null]]; ' }
Something is happening.
Something is happening.
Something is happening.
Something is happening.
Something is happening.
Something is happening.
Something is happening.
Something is happening.
Something is happening.
Something is happening.
Something is happening.
Something is happening.
10.134.14.133
Something is happening.
id 55a6284a62cb2eac2100008a
{ [Error: ElasticsearchIllegalArgumentException[failed to execute script]; nested: GroovyScriptExecutionException[NullPointerException[Cannot execute null+null]]; ]
  status: '400',
  message: 'ElasticsearchIllegalArgumentException[failed to execute script]; nested: GroovyScriptExecutionException[NullPointerException[Cannot execute null+null]]; ' }
{ [Error: ElasticsearchIllegalArgumentException[failed to execute script]; nested: GroovyScriptExecutionException[NullPointerException[Cannot execute null+null]]; ]
  status: '400',
  message: 'ElasticsearchIllegalArgumentException[failed to execute script]; nested: GroovyScriptExecutionException[NullPointerException[Cannot execute null+null]]; ' }
Something is happening.
Reached backend with data  https://www.serviceawards.com CA Rewards , Award ,ecards, Recognition
id 55a6284a62cb2eac2100008a
Something is happening.
Something is happening.
10.134.14.133
Something is happening.
id 55a6284a62cb2eac2100008a
{ [Error: ElasticsearchIllegalArgumentException[failed to execute script]; nested: GroovyScriptExecutionException[NullPointerException[Cannot execute null+null]]; ]
  status: '400',
  message: 'ElasticsearchIllegalArgumentException[failed to execute script]; nested: GroovyScriptExecutionException[NullPointerException[Cannot execute null+null]]; ' }
{ [Error: ElasticsearchIllegalArgumentException[failed to execute script]; nested: GroovyScriptExecutionException[NullPointerException[Cannot execute null+null]]; ]
  status: '400',
  message: 'ElasticsearchIllegalArgumentException[failed to execute script]; nested: GroovyScriptExecutionException[NullPointerException[Cannot execute null+null]]; ' }
Something is happening.
Reached backend with data  https://www.serviceawards.ca.com CA Rewards , Award ,ecards, Recognition
id 55a6284a62cb2eac2100008a
Something is happening.
Something is happening.
10.134.14.133
Something is happening.
id 55a6284a62cb2eac2100008a
{ [Error: ElasticsearchIllegalArgumentException[failed to execute script]; nested: GroovyScriptExecutionException[NullPointerException[Cannot execute null+null]]; ]
  status: '400',
  message: 'ElasticsearchIllegalArgumentException[failed to execute script]; nested: GroovyScriptExecutionException[NullPointerException[Cannot execute null+null]]; ' }
{ [Error: ElasticsearchIllegalArgumentException[failed to execute script]; nested: GroovyScriptExecutionException[NullPointerException[Cannot execute null+null]]; ]
  status: '400',
  message: 'ElasticsearchIllegalArgumentException[failed to execute script]; nested: GroovyScriptExecutionException[NullPointerException[Cannot execute null+null]]; ' }
Something is happening.
Something is happening.
Something is happening.
Something is happening.
Something is happening.
Something is happening.
Something is happening.
Something is happening.
Something is happening.
Something is happening.
Something is happening.
Something is happening.
Something is happening.
Something is happening.
Something is happening.
Something is happening.
Something is happening.
Something is happening.
Something is happening.
Something is happening.
Something is happening.
Something is happening.
Something is happening.
Something is happening.
Something is happening.
Something is happening.
Something is happening.
Something is happening.
Something is happening.
Something is happening.
Something is happening.
Something is happening.
Something is happening.
Something is happening.
Something is happening.
Something is happening.
Something is happening.
Something is happening.
Something is happening.
Something is happening.
Something is happening.
Something is happening.
Something is happening.
Something is happening.
Something is happening.
Something is happening.
Something is happening.
Something is happening.
Something is happening.
Something is happening.
Something is happening.
Something is happening.
Something is happening.
Something is happening.
Something is happening.
Something is happening.
Something is happening.
Something is happening.
Something is happening.
Something is happening.
Something is happening.
Something is happening.
Something is happening.
Something is happening.
Something is happening.
Something is happening.
10.132.76.114
Something is happening.
Something is happening.
Something is happening.
10.132.76.114
{ [Error: ElasticsearchIllegalArgumentException[failed to execute script]; nested: GroovyScriptExecutionException[NullPointerException[Cannot execute null+null]]; ]
  status: '400',
  message: 'ElasticsearchIllegalArgumentException[failed to execute script]; nested: GroovyScriptExecutionException[NullPointerException[Cannot execute null+null]]; ' }
Something is happening.
Something is happening.
Something is happening.
Something is happening.
Something is happening.
Something is happening.
Something is happening.
Something is happening.
Something is happening.
Something is happening.
Something is happening.
Something is happening.
10.132.76.114
Something is happening.
Something is happening.
Something is happening.
10.132.76.114
Something is happening.
Something is happening.
Something is happening.
Something is happening.
Something is happening.
Something is happening.
Something is happening.
Something is happening.
Something is happening.
Something is happening.
Something is happening.
Something is happening.
Something is happening.
Something is happening.
Something is happening.
Something is happening.
Something is happening.
Something is happening.
Something is happening.
Something is happening.
Something is happening.
Something is happening.
10.132.94.122
Something is happening.
id 555ac071bc5a7cc80e000034
undefined
Something is happening.
Something is happening.
Something is happening.
Something is happening.
Something is happening.
Something is happening.
Something is happening.
Something is happening.
Something is happening.
Something is happening.
Something is happening.
Something is happening.
10.132.76.63
Something is happening.
Something is happening.
10.132.76.63
Something is happening.
Something is happening.
10.132.76.63
Something is happening.
Something is happening.
10.132.76.63
Something is happening.
Something is happening.
10.132.76.63
Something is happening.
Something is happening.
10.132.76.63
Something is happening.
Something is happening.
10.132.76.63
Something is happening.
Something is happening.
Something is happening.
Something is happening.
Something is happening.
Something is happening.
Something is happening.
Something is happening.
Something is happening.
Something is happening.
Something is happening.
Something is happening.
10.132.76.63
Something is happening.
Reached backend with data  https://catechnologies.webex.com webex meetings
id 5587c2924df03c941a000003
Something is happening.
Something is happening.
10.132.76.63
Something is happening.
Reached backend with data  https://catechnologies.webex.com webex meetings s
id 5587c2924df03c941a000003
Something is happening.
Something is happening.
10.132.76.63
Something is happening.
Something is happening.
Something is happening.
Something is happening.
Something is happening.
Something is happening.
Something is happening.
Something is happening.
Something is happening.
Something is happening.
Something is happening.
Something is happening.
Something is happening.
Something is happening.
Something is happening.
Something is happening.
Something is happening.
Something is happening.
Something is happening.
Something is happening.
Something is happening.
Something is happening.
Something is happening.
Something is happening.
Something is happening.
Something is happening.
Something is happening.
Something is happening.
Something is happening.
Something is happening.
Something is happening.
Something is happening.
Something is happening.
Something is happening.
Something is happening.
Something is happening.
Something is happening.
Something is happening.
Something is happening.
Something is happening.
Something is happening.
Something is happening.
Something is happening.
Something is happening.
Something is happening.
Something is happening.
Something is happening.
Something is happening.
Something is happening.
Something is happening.
10.134.14.133
Something is happening.
Something is happening.
Something is happening.
Something is happening.
Something is happening.
10.134.14.133
Something is happening.
Something is happening.
Something is happening.
Something is happening.
Something is happening.
Something is happening.
Something is happening.
Something is happening.
Something is happening.
Something is happening.
Something is happening.
Something is happening.
Something is happening.
Something is happening.
Something is happening.
Something is happening.
Something is happening.
Something is happening.
Something is happening.
Something is happening.
Something is happening.
Something is happening.
Something is happening.
Something is happening.
Something is happening.
Something is happening.
Something is happening.
Something is happening.
Something is happening.
Something is happening.
Something is happening.
Something is happening.
Something is happening.
Something is happening.
Something is happening.
Something is happening.
Something is happening.
Something is happening.
Something is happening.
Something is happening.
Something is happening.
Something is happening.
Something is happening.
Something is happening.
Something is happening.
Something is happening.
Something is happening.
Something is happening.
Something is happening.
Something is happening.
Something is happening.
Something is happening.
Something is happening.
Something is happening.
Something is happening.
Something is happening.
Something is happening.
Something is happening.
Something is happening.
Something is happening.
Something is happening.
Something is happening.
Something is happening.
Something is happening.
Something is happening.
Something is happening.
Something is happening.
Something is happening.
Something is happening.
Something is happening.
Something is happening.
Something is happening.
Something is happening.
Something is happening.
Something is happening.
Something is happening.
Something is happening.
Something is happening.
Something is happening.
Something is happening.
Something is happening.
Something is happening.
Something is happening.
Something is happening.
Something is happening.
Something is happening.
Something is happening.
Something is happening.
Something is happening.
Something is happening.
Something is happening.
Something is happening.
Something is happening.
Something is happening.
Something is happening.
Something is happening.
Something is happening.
Something is happening.
10.134.14.133
Something is happening.
Something is happening.
Something is happening.
10.134.14.133
Something is happening.
Something is happening.
Something is happening.
10.134.14.133
Something is happening.
Something is happening.
Something is happening.
Something is happening.
Something is happening.
Something is happening.
Something is happening.
Something is happening.
Something is happening.
Something is happening.
Something is happening.
Something is happening.
Something is happening.
Something is happening.
Something is happening.
Something is happening.
Something is happening.
Something is happening.
Something is happening.
Something is happening.
Something is happening.
Something is happening.
Something is happening.
Something is happening.
Something is happening.
Something is happening.
Something is happening.
Something is happening.
Something is happening.
Something is happening.
Something is happening.
Something is happening.
Something is happening.
Something is happening.
Something is happening.
Something is happening.
10.134.14.133
{ [Error: ElasticsearchIllegalArgumentException[failed to execute script]; nested: GroovyScriptExecutionException[NullPointerException[Cannot execute null+null]]; ]
  status: '400',
  message: 'ElasticsearchIllegalArgumentException[failed to execute script]; nested: GroovyScriptExecutionException[NullPointerException[Cannot execute null+null]]; ' }
Something is happening.
Something is happening.
Something is happening.
Something is happening.
Something is happening.
Something is happening.
Something is happening.
Something is happening.
Something is happening.
Something is happening.
Something is happening.
Something is happening.
Something is happening.
Something is happening.
Something is happening.
Something is happening.
Something is happening.
Something is happening.
Something is happening.
Something is happening.
10.134.12.158
Something is happening.
id 554af5bc3dc758341300002e
{ [Error: ElasticsearchIllegalArgumentException[failed to execute script]; nested: GroovyScriptExecutionException[NullPointerException[Cannot execute null+null]]; ]
  status: '400',
  message: 'ElasticsearchIllegalArgumentException[failed to execute script]; nested: GroovyScriptExecutionException[NullPointerException[Cannot execute null+null]]; ' }
{ [Error: ElasticsearchIllegalArgumentException[failed to execute script]; nested: GroovyScriptExecutionException[NullPointerException[Cannot execute null+null]]; ]
  status: '400',
  message: 'ElasticsearchIllegalArgumentException[failed to execute script]; nested: GroovyScriptExecutionException[NullPointerException[Cannot execute null+null]]; ' }
Something is happening.
Something is happening.
Something is happening.
Something is happening.
Something is happening.
Something is happening.
Something is happening.
Something is happening.
Something is happening.
Something is happening.
Something is happening.
Something is happening.
Something is happening.
Something is happening.
Something is happening.
Something is happening.
Something is happening.
Something is happening.
Something is happening.
Something is happening.
Something is happening.
Something is happening.
Something is happening.
Something is happening.
Something is happening.
Something is happening.
Something is happening.
Something is happening.
Something is happening.
Something is happening.
Something is happening.
Something is happening.
Something is happening.
Something is happening.
Something is happening.
Something is happening.
Something is happening.
Something is happening.
Something is happening.
Something is happening.
10.134.14.133
Something is happening.
Something is happening.
Something is happening.
10.134.14.133
Something is happening.
Something is happening.
Something is happening.
Something is happening.
Something is happening.
Something is happening.
Something is happening.
Something is happening.
Something is happening.
Something is happening.
Something is happening.
Something is happening.
Something is happening.
Something is happening.
Something is happening.
Something is happening.
Something is happening.
Something is happening.
Something is happening.
Something is happening.
Something is happening.
Something is happening.
Something is happening.
Something is happening.
Something is happening.
Something is happening.
Something is happening.
Something is happening.
10.134.16.69
Something is happening.
id 554c5b86142e528c16000012
undefined
Something is happening.
Something is happening.
Something is happening.
Something is happening.
Something is happening.
Something is happening.
Something is happening.
Something is happening.
Something is happening.
Something is happening.
Something is happening.
Something is happening.
Something is happening.
Something is happening.
Something is happening.
Something is happening.
Something is happening.
Something is happening.
Something is happening.
Something is happening.
Something is happening.
Something is happening.
Something is happening.
Something is happening.
Something is happening.
Something is happening.
Something is happening.
Something is happening.
Something is happening.
Something is happening.
Something is happening.
Something is happening.
Something is happening.
Something is happening.
Something is happening.
Something is happening.
Something is happening.
Something is happening.
Something is happening.
Something is happening.
Something is happening.
Something is happening.
Something is happening.
Something is happening.
Something is happening.
Something is happening.
Something is happening.
Something is happening.
Something is happening.
Something is happening.
Something is happening.
Something is happening.
Something is happening.
Something is happening.
Something is happening.
Something is happening.
Something is happening.
Something is happening.
Something is happening.
Something is happening.
Something is happening.
Something is happening.
Something is happening.
10.129.224.116
Something is happening.
Something is happening.
Something is happening.
10.129.224.116
Something is happening.
Something is happening.
10.129.224.116
Something is happening.
Something is happening.
Something is happening.
Something is happening.
Something is happening.
Something is happening.
Something is happening.
Something is happening.
Something is happening.
Something is happening.
Something is happening.
Something is happening.
Something is happening.
Something is happening.
Something is happening.
Something is happening.
Something is happening.
Something is happening.
Something is happening.
Something is happening.
Something is happening.
10.134.14.133
Something is happening.
Something is happening.
Something is happening.
Something is happening.
Something is happening.
10.134.14.133
Something is happening.
Something is happening.
Something is happening.
Something is happening.
Something is happening.
Something is happening.
Something is happening.
Something is happening.
Something is happening.
Something is happening.
Something is happening.
Something is happening.
Something is happening.
10.134.14.133
Something is happening.
id 55530db2ddb7f9bc1900001e
undefined
Something is happening.
Something is happening.
Something is happening.
Something is happening.
Something is happening.
Something is happening.
Something is happening.
Something is happening.
Something is happening.
Something is happening.
Something is happening.
Something is happening.
10.134.14.133
Something is happening.
id 55530db2ddb7f9bc1900001e
undefined
Something is happening.
Something is happening.
Something is happening.
Something is happening.
Something is happening.
Something is happening.
Something is happening.
Something is happening.
Something is happening.
Something is happening.
Something is happening.
Something is happening.
Something is happening.
Something is happening.
Something is happening.
Something is happening.
Something is happening.
Something is happening.
Something is happening.
Magic happens on port 8082
Something is happening.
Something is happening.
Something is happening.
Something is happening.
Something is happening.
Something is happening.
Something is happening.
Something is happening.
Something is happening.
Something is happening.
Something is happening.
Something is happening.
Something is happening.
Something is happening.
Something is happening.
Something is happening.
Something is happening.
Something is happening.
Something is happening.
Something is happening.
Something is happening.
Something is happening.
Something is happening.
10.134.14.133
{ [Error: ElasticsearchIllegalArgumentException[failed to execute script]; nested: GroovyScriptExecutionException[NullPointerException[Cannot execute null+null]]; ]
  status: '400',
  message: 'ElasticsearchIllegalArgumentException[failed to execute script]; nested: GroovyScriptExecutionException[NullPointerException[Cannot execute null+null]]; ' }
Something is happening.
Something is happening.
Something is happening.
Something is happening.
Something is happening.
Something is happening.
Something is happening.
Something is happening.
Something is happening.
Something is happening.
Something is happening.
Something is happening.
Something is happening.
Something is happening.
Something is happening.
Something is happening.
Something is happening.
Something is happening.
Something is happening.
Something is happening.
Something is happening.
10.134.14.133
Something is happening.
Something is happening.
Something is happening.
10.134.14.133
Something is happening.
Something is happening.
Something is happening.
10.134.14.133
Something is happening.
Something is happening.
Something is happening.
10.134.14.133
Something is happening.
Something is happening.
Something is happening.
10.134.14.133
Something is happening.
Something is happening.
10.134.14.133
Something is happening.
Something is happening.
10.134.14.133
Something is happening.
Something is happening.
10.134.14.133
Something is happening.
Something is happening.
10.134.14.133
Something is happening.
Something is happening.
Something is happening.
10.134.14.133
Something is happening.
Something is happening.
Something is happening.
10.134.14.133
Something is happening.
Something is happening.
Something is happening.
10.134.14.133
Something is happening.
Something is happening.
10.134.14.133
Something is happening.
Something is happening.
Something is happening.
10.137.173.209
{ [Error: ElasticsearchIllegalArgumentException[failed to execute script]; nested: GroovyScriptExecutionException[NullPointerException[Cannot execute null+null]]; ]
  status: '400',
  message: 'ElasticsearchIllegalArgumentException[failed to execute script]; nested: GroovyScriptExecutionException[NullPointerException[Cannot execute null+null]]; ' }
Magic happens on port 8082
Something is happening.
Something is happening.
Something is happening.
10.134.14.133
Something is happening.
Something is happening.
Something is happening.
Something is happening.
Something is happening.
Something is happening.
Something is happening.
Something is happening.
Something is happening.
Something is happening.
10.134.14.133
Something is happening.
10.137.173.209
Something is happening.
Something is happening.
Something is happening.
Something is happening.
Magic happens on port 8082
Something is happening.
Something is happening.
Something is happening.
Something is happening.
Something is happening.
10.134.14.133
Something is happening.
Something is happening.
Something is happening.
10.134.14.133
Something is happening.
Something is happening.
Something is happening.
10.134.14.133
Something is happening.
Something is happening.
Something is happening.
10.134.14.133
Something is happening.
Something is happening.
Something is happening.
10.134.14.133
Something is happening.
Something is happening.
Something is happening.
Something is happening.
Something is happening.
Something is happening.
Something is happening.
Something is happening.
Something is happening.
Something is happening.
Something is happening.
Something is happening.
Something is happening.
10.132.77.47
Something is happening.
Something is happening.
Something is happening.
10.132.77.47
Something is happening.
Something is happening.
Something is happening.
10.132.77.47
Something is happening.
Something is happening.
Something is happening.
10.132.77.47
Something is happening.
Something is happening.
Something is happening.
Something is happening.
Something is happening.
Something is happening.
130.200.65.181
Something is happening.
id 555ac071bc5a7cc80e000034
undefined
Something is happening.
Something is happening.
Something is happening.
Something is happening.
Something is happening.
Something is happening.
130.200.65.91
{ [Error: ElasticsearchIllegalArgumentException[failed to execute script]; nested: GroovyScriptExecutionException[NullPointerException[Cannot execute null+null]]; ]
  status: '400',
  message: 'ElasticsearchIllegalArgumentException[failed to execute script]; nested: GroovyScriptExecutionException[NullPointerException[Cannot execute null+null]]; ' }
Something is happening.
130.200.65.91
Something is happening.
id 55a629cf62cb2eac210000ac
{ [Error: ElasticsearchIllegalArgumentException[failed to execute script]; nested: GroovyScriptExecutionException[NullPointerException[Cannot execute null+null]]; ]
  status: '400',
  message: 'ElasticsearchIllegalArgumentException[failed to execute script]; nested: GroovyScriptExecutionException[NullPointerException[Cannot execute null+null]]; ' }
{ [Error: ElasticsearchIllegalArgumentException[failed to execute script]; nested: GroovyScriptExecutionException[NullPointerException[Cannot execute null+null]]; ]
  status: '400',
  message: 'ElasticsearchIllegalArgumentException[failed to execute script]; nested: GroovyScriptExecutionException[NullPointerException[Cannot execute null+null]]; ' }
Something is happening.
id 55a629cf62cb2eac210000ac
{ [Error: ElasticsearchIllegalArgumentException[failed to execute script]; nested: GroovyScriptExecutionException[NullPointerException[Cannot execute null+null]]; ]
  status: '400',
  message: 'ElasticsearchIllegalArgumentException[failed to execute script]; nested: GroovyScriptExecutionException[NullPointerException[Cannot execute null+null]]; ' }
{ [Error: ElasticsearchIllegalArgumentException[failed to execute script]; nested: GroovyScriptExecutionException[NullPointerException[Cannot execute null+null]]; ]
  status: '400',
  message: 'ElasticsearchIllegalArgumentException[failed to execute script]; nested: GroovyScriptExecutionException[NullPointerException[Cannot execute null+null]]; ' }
Something is happening.
Something is happening.
Something is happening.
Something is happening.
Something is happening.
Something is happening.
Something is happening.
Something is happening.
Something is happening.
Something is happening.
Something is happening.
Something is happening.
Something is happening.
Something is happening.
Something is happening.
Something is happening.
Something is happening.
Something is happening.
Something is happening.
Something is happening.
Something is happening.
Something is happening.
Something is happening.
Something is happening.
Something is happening.
Something is happening.
10.134.14.133
Something is happening.
Something is happening.
10.134.14.133
{ [Error: ElasticsearchIllegalArgumentException[failed to execute script]; nested: GroovyScriptExecutionException[NullPointerException[Cannot execute null+null]]; ]
  status: '400',
  message: 'ElasticsearchIllegalArgumentException[failed to execute script]; nested: GroovyScriptExecutionException[NullPointerException[Cannot execute null+null]]; ' }
Something is happening.
Something is happening.
10.134.14.133
Something is happening.
Something is happening.
Something is happening.
Something is happening.
Something is happening.
Something is happening.
Something is happening.
Something is happening.
Something is happening.
Something is happening.
Something is happening.
Something is happening.
Something is happening.
10.135.112.247
Something is happening.
Something is happening.
10.135.112.247
Something is happening.
Something is happening.
10.135.112.247
Something is happening.
Something is happening.
Something is happening.
Something is happening.
Something is happening.
10.135.112.146
Something is happening.
Something is happening.
Something is happening.
Something is happening.
Something is happening.
Something is happening.
Something is happening.
Something is happening.
Something is happening.
Something is happening.
Something is happening.
Something is happening.
Something is happening.
Something is happening.
10.134.14.133
Something is happening.
Something is happening.
Something is happening.
Something is happening.
Something is happening.
Something is happening.
Something is happening.
Something is happening.
Something is happening.
Something is happening.
Something is happening.
Something is happening.
Something is happening.
Something is happening.
Something is happening.
Something is happening.
Something is happening.
Something is happening.
Something is happening.
Something is happening.
Something is happening.
Something is happening.
Something is happening.
Something is happening.
Something is happening.
Something is happening.
Something is happening.
Something is happening.
Something is happening.
Something is happening.
Something is happening.
Something is happening.
Something is happening.
Something is happening.
Something is happening.
Something is happening.
Something is happening.
Something is happening.
Something is happening.
Something is happening.
Something is happening.
Something is happening.
Something is happening.
10.134.14.133
Something is happening.
Something is happening.
Something is happening.
Something is happening.
Something is happening.
Something is happening.
Something is happening.
Something is happening.
Something is happening.
Something is happening.
Something is happening.
Something is happening.
Something is happening.
Something is happening.
Something is happening.
Something is happening.
Something is happening.
Something is happening.
Something is happening.
Something is happening.
Something is happening.
Something is happening.
Something is happening.
Something is happening.
Something is happening.
Something is happening.
Something is happening.
Something is happening.
Something is happening.
Something is happening.
Something is happening.
Something is happening.
Something is happening.
Something is happening.
Something is happening.
Something is happening.
Something is happening.
Something is happening.
Something is happening.
Something is happening.
Something is happening.
Something is happening.
Something is happening.
Something is happening.
Something is happening.
Something is happening.
Something is happening.
Something is happening.
Something is happening.
Something is happening.
Something is happening.
Something is happening.
Something is happening.
Something is happening.
Something is happening.
Something is happening.
Something is happening.
Something is happening.
Something is happening.
10.134.16.69
Something is happening.
id 55499f81b623850c18000010
undefined
Something is happening.
Something is happening.
Something is happening.
Something is happening.
Something is happening.
Something is happening.
Something is happening.
Something is happening.
Something is happening.
Something is happening.
Something is happening.
Something is happening.
Something is happening.
Something is happening.
Something is happening.
Something is happening.
Something is happening.
Something is happening.
Something is happening.
Something is happening.
Something is happening.
Something is happening.
Something is happening.
Something is happening.
Something is happening.
Something is happening.
Something is happening.
Something is happening.
Something is happening.
Something is happening.
Something is happening.
Something is happening.
Something is happening.
10.134.14.133
Something is happening.
Something is happening.
Something is happening.
Something is happening.
Something is happening.
Something is happening.
Something is happening.
Something is happening.
Something is happening.
Something is happening.
Something is happening.
Something is happening.
Something is happening.
Something is happening.
Something is happening.
Something is happening.
Something is happening.
Something is happening.
Something is happening.
Something is happening.
Something is happening.
Something is happening.
Something is happening.
Something is happening.
Something is happening.
Something is happening.
Something is happening.
Something is happening.
Something is happening.
Something is happening.
Something is happening.
Something is happening.
Something is happening.
Something is happening.
Something is happening.
Something is happening.
Something is happening.
Something is happening.
Something is happening.
Something is happening.
Something is happening.
Something is happening.
Something is happening.
Something is happening.
Something is happening.
Something is happening.
Something is happening.
Something is happening.
Something is happening.
Something is happening.
Something is happening.
10.132.65.203
Something is happening.
Something is happening.
Something is happening.
Something is happening.
Something is happening.
Something is happening.
Something is happening.
Something is happening.
10.134.14.133
Something is happening.
Something is happening.
10.134.14.133
Something is happening.
Something is happening.
Something is happening.
10.134.14.133
Something is happening.
Something is happening.
Something is happening.
Something is happening.
Something is happening.
Something is happening.
Something is happening.
Something is happening.
10.134.14.133
Something is happening.
Something is happening.
10.134.14.133
Something is happening.
Something is happening.
Something is happening.
Something is happening.
10.134.14.133
Something is happening.
Something is happening.
Something is happening.
10.134.14.133
Something is happening.
Something is happening.
Something is happening.
10.134.14.133
Something is happening.
Something is happening.
10.134.14.133
Something is happening.
Something is happening.
Something is happening.
10.134.14.133
Something is happening.
10.134.14.133
Something is happening.
Something is happening.
Something is happening.
Something is happening.
10.134.14.133
Something is happening.
Something is happening.
10.132.65.203
Something is happening.
Something is happening.
Something is happening.
10.132.65.203
Something is happening.
Something is happening.
Something is happening.
Something is happening.
10.132.65.203
Something is happening.
Something is happening.
Something is happening.
10.132.65.203
Something is happening.
Something is happening.
Something is happening.
Something is happening.
10.132.64.45
Something is happening.
Something is happening.
Something is happening.
10.132.64.45
Something is happening.
Something is happening.
10.135.108.233
Something is happening.
Something is happening.
10.135.108.233
Something is happening.
Something is happening.
Something is happening.
10.135.108.233
Something is happening.
Something is happening.
Something is happening.
Something is happening.
Something is happening.
Something is happening.
Something is happening.
Something is happening.
Something is happening.
Something is happening.
Something is happening.
Something is happening.
10.135.108.233
Something is happening.
Something is happening.
Something is happening.
Something is happening.
10.135.108.233
Something is happening.
Something is happening.
Something is happening.
10.135.108.233
Something is happening.
Something is happening.
Something is happening.
Something is happening.
10.132.64.45
Something is happening.
Something is happening.
Something is happening.
Something is happening.
10.132.64.45
Something is happening.
Something is happening.
Something is happening.
Something is happening.
Something is happening.
Something is happening.
Something is happening.
Something is happening.
Something is happening.
Something is happening.
Something is happening.
10.132.64.45
Something is happening.
130.119.24.83
Something is happening.
Something is happening.
Something is happening.
Something is happening.
Something is happening.
Something is happening.
Something is happening.
10.132.64.45
Something is happening.
10.132.64.45
Something is happening.
Something is happening.
Something is happening.
Something is happening.
Something is happening.
Something is happening.
Something is happening.
Something is happening.
Something is happening.
10.132.66.33
Something is happening.
Something is happening.
Something is happening.
10.132.66.33
Something is happening.
Magic happens on port 8082
Something is happening.
Something is happening.
Something is happening.
Something is happening.
Something is happening.
Something is happening.
Something is happening.
Something is happening.
Something is happening.
Something is happening.
Something is happening.
Something is happening.
10.134.14.133
Something is happening.
Magic happens on port 8082
Something is happening.
Something is happening.
Something is happening.
10.134.14.133
Something is happening.
Something is happening.
Something is happening.
Something is happening.
Something is happening.
Something is happening.
10.132.65.120
Something is happening.
Something is happening.
Something is happening.
Something is happening.
Something is happening.
Something is happening.
Something is happening.
Something is happening.
Something is happening.
Something is happening.
Something is happening.
Something is happening.
Something is happening.
Something is happening.
Magic happens on port 8082
Something is happening.
Something is happening.
Something is happening.
Something is happening.
Something is happening.
Something is happening.
Something is happening.
Something is happening.
Something is happening.
Something is happening.
Something is happening.
Something is happening.
Something is happening.
10.134.14.133
Something is happening.
Something is happening.
Something is happening.
Something is happening.
10.132.65.120
Something is happening.
Something is happening.
Something is happening.
10.134.14.133
Something is happening.
Something is happening.
Something is happening.
Something is happening.
Something is happening.
10.134.14.133
Something is happening.
Something is happening.
Something is happening.
10.134.14.133
Something is happening.
Something is happening.
Something is happening.
10.134.14.133
Something is happening.
Something is happening.
Something is happening.
Something is happening.
Something is happening.
10.134.14.133
Something is happening.
Something is happening.
Something is happening.
Something is happening.
Something is happening.
Something is happening.
Something is happening.
Something is happening.
Something is happening.
Something is happening.
Something is happening.
10.132.65.120
Something is happening.
Something is happening.
Something is happening.
Something is happening.
Something is happening.
Something is happening.
10.132.65.120
Something is happening.
Something is happening.
Something is happening.
Magic happens on port 8082
Something is happening.
Something is happening.
Something is happening.
10.134.14.133
Something is happening.
Something is happening.
Something is happening.
Something is happening.
Something is happening.
Something is happening.
Something is happening.
Something is happening.
Something is happening.
Something is happening.
Something is happening.
Something is happening.
Something is happening.
10.132.78.171
Something is happening.
Something is happening.
Something is happening.
10.132.78.171
Something is happening.
Something is happening.
Something is happening.
Something is happening.
Something is happening.
Something is happening.
Something is happening.
Something is happening.
Something is happening.
Something is happening.
Something is happening.
Something is happening.
Something is happening.
Something is happening.
Something is happening.
Something is happening.
Something is happening.
Something is happening.
Something is happening.
Something is happening.
Something is happening.
Something is happening.
Something is happening.
Something is happening.
Something is happening.
Something is happening.
Something is happening.
Something is happening.
Something is happening.
